Using pre-set license
Built from '2020.3/release' branch; Version is '2020.3.15f2 (6cf78cb77498) revision 7141260'; Using compiler version '192528614'; Build Type 'Release'
OS: 'Windows 10 Pro; OS build 19042.1165; Version 2009; 64bit' Language: 'es' Physical Memory: 16333 MB
BatchMode: 1, IsHumanControllingUs: 0, StartBugReporterOnCrash: 0, Is64bit: 1, IsPro: 0

 COMMAND LINE ARGUMENTS:
C:\Program Files\Unity\Hub\Editor\2020.3.15f2\Editor\Unity.exe
-adb2
-batchMode
-noUpm
-name
AssetImportWorker0
-projectPath
D:/AA_JUEGOS UNITY/GAME JAMS/KenneyJam2021
-logFile
Logs/AssetImportWorker0.log
-srvPort
54317
Successfully changed project path to: D:/AA_JUEGOS UNITY/GAME JAMS/KenneyJam2021
D:/AA_JUEGOS UNITY/GAME JAMS/KenneyJam2021
Using Asset Import Pipeline V2.
Refreshing native plugins compatible for Editor in 54.08 ms, found 3 plugins.
Preloading 0 native plugins for Editor in 0.00 ms.
Initialize engine version: 2020.3.15f2 (6cf78cb77498)
[Subsystems] Discovering subsystems at path C:/Program Files/Unity/Hub/Editor/2020.3.15f2/Editor/Data/Resources/UnitySubsystems
[Subsystems] Discovering subsystems at path D:/AA_JUEGOS UNITY/GAME JAMS/KenneyJam2021/Assets
GfxDevice: creating device client; threaded=0
Direct3D:
    Version:  Direct3D 11.0 [level 11.1]
    Renderer: NVIDIA GeForce RTX 2060 (ID=0x1f08)
    Vendor:   
    VRAM:     5980 MB
    Driver:   27.21.14.6172
Initialize mono
Mono path[0] = 'C:/Program Files/Unity/Hub/Editor/2020.3.15f2/Editor/Data/Managed'
Mono path[1] = 'C:/Program Files/Unity/Hub/Editor/2020.3.15f2/Editor/Data/MonoBleedingEdge/lib/mono/unityjit'
Mono config path = 'C:/Program Files/Unity/Hub/Editor/2020.3.15f2/Editor/Data/MonoBleedingEdge/etc'
Using monoOptions --debugger-agent=transport=dt_socket,embedding=1,server=y,suspend=n,address=127.0.0.1:56604
Begin MonoManager ReloadAssembly
Registering precompiled unity dll's ...
Register platform support module: C:/Program Files/Unity/Hub/Editor/2020.3.15f2/Editor/Data/PlaybackEngines/WindowsStandaloneSupport/UnityEditor.WindowsStandalone.Extensions.dll
Registered in 0.003113 seconds.
Native extension for WindowsStandalone target not found
Refreshing native plugins compatible for Editor in 48.54 ms, found 3 plugins.
Preloading 0 native plugins for Editor in 0.00 ms.
Mono: successfully reloaded assembly
- Completed reload, in  1.410 seconds
Domain Reload Profiling:
	ReloadAssembly (1410ms)
		BeginReloadAssembly (69ms)
			ExecutionOrderSort (0ms)
			DisableScriptedObjects (0ms)
			BackupInstance (0ms)
			ReleaseScriptingObjects (0ms)
			CreateAndSetChildDomain (1ms)
		EndReloadAssembly (500ms)
			LoadAssemblies (65ms)
			RebuildTransferFunctionScriptingTraits (0ms)
			SetupTypeCache (180ms)
			ReleaseScriptCaches (0ms)
			RebuildScriptCaches (31ms)
			SetupLoadedEditorAssemblies (204ms)
				LogAssemblyErrors (0ms)
				InitializePlatformSupportModulesInManaged (5ms)
				SetLoadedEditorAssemblies (0ms)
				RefreshPlugins (49ms)
				BeforeProcessingInitializeOnLoad (17ms)
				ProcessInitializeOnLoadAttributes (100ms)
				ProcessInitializeOnLoadMethodAttributes (33ms)
				AfterProcessingInitializeOnLoad (0ms)
				EditorAssembliesLoaded (0ms)
			ExecutionOrderSort2 (0ms)
			AwakeInstancesAfterBackupRestoration (0ms)
Platform modules already initialized, skipping
Registering precompiled user dll's ...
Registered in 0.006314 seconds.
Begin MonoManager ReloadAssembly
Native extension for WindowsStandalone target not found
Refreshing native plugins compatible for Editor in 52.78 ms, found 3 plugins.
Preloading 0 native plugins for Editor in 0.00 ms.
Mono: successfully reloaded assembly
- Completed reload, in  1.464 seconds
Domain Reload Profiling:
	ReloadAssembly (1465ms)
		BeginReloadAssembly (179ms)
			ExecutionOrderSort (0ms)
			DisableScriptedObjects (6ms)
			BackupInstance (0ms)
			ReleaseScriptingObjects (0ms)
			CreateAndSetChildDomain (23ms)
		EndReloadAssembly (1214ms)
			LoadAssemblies (124ms)
			RebuildTransferFunctionScriptingTraits (0ms)
			SetupTypeCache (334ms)
			ReleaseScriptCaches (1ms)
			RebuildScriptCaches (55ms)
			SetupLoadedEditorAssemblies (541ms)
				LogAssemblyErrors (0ms)
				InitializePlatformSupportModulesInManaged (5ms)
				SetLoadedEditorAssemblies (0ms)
				RefreshPlugins (53ms)
				BeforeProcessingInitializeOnLoad (101ms)
				ProcessInitializeOnLoadAttributes (351ms)
				ProcessInitializeOnLoadMethodAttributes (17ms)
				AfterProcessingInitializeOnLoad (14ms)
				EditorAssembliesLoaded (0ms)
			ExecutionOrderSort2 (0ms)
			AwakeInstancesAfterBackupRestoration (8ms)
Platform modules already initialized, skipping
========================================================================
Worker process is ready to serve import requests
Launched and connected shader compiler UnityShaderCompiler.exe after 0.05 seconds
Refreshing native plugins compatible for Editor in 0.48 ms, found 3 plugins.
Preloading 0 native plugins for Editor in 0.00 ms.
Unloading 2091 Unused Serialized files (Serialized files now loaded: 0)
System memory in use before: 93.0 MB.
System memory in use after: 93.1 MB.

Unloading 28 unused Assets to reduce memory usage. Loaded Objects now: 2528.
Total: 2.616000 ms (FindLiveObjects: 0.201900 ms CreateObjectMapping: 0.055900 ms MarkObjects: 2.289100 ms  DeleteObjects: 0.067600 ms)

AssetImportParameters requested are different than current active one (requested -> active):
  custom:framework-win-MediaFoundation: 216162199b28c13a410421893ffa2e32 -> 
  custom:video-decoder-ogg-theora: a1e56fd34408186e4bbccfd4996cb3dc -> 
  custom:container-muxer-webm: aa71ff27fc2769a1b78a27578f13a17b -> 
  custom:container-demuxer-webm: 4f35f7cbe854078d1ac9338744f61a02 -> 
  custom:container-demuxer-ogg: 62fdf1f143b41e24485cea50d1cbac27 -> 
  custom:video-encoder-webm-vp8: eb34c28f22e8b96e1ab97ce403110664 -> 
  custom:video-decoder-webm-vp8: 9c59270c3fd7afecdb556c50c9e8de78 -> 
  custom:audio-decoder-ogg-vorbis: bf7c407c2cedff20999df2af8eb42d56 -> 
  custom:audio-encoder-webm-vorbis: bf7c407c2cedff20999df2af8eb42d56 -> 
========================================================================
Received Import Request.
  path: Assets
  artifactKey: Guid(00000000000000001000000000000000) Importer(815301076,1909f56bfc062723c751e8b465ee728b)
Start importing Assets using Guid(00000000000000001000000000000000) Importer(815301076,1909f56bfc062723c751e8b465ee728b)  -> (artifact id: '42d402b061de3733987d63b9cc3b64de') in 0.006151 seconds 
  Import took 0.009443 seconds .

========================================================================
Received Import Request.
  Time since last request: 0.923308 seconds.
  path: Assets/Sprites
  artifactKey: Guid(fdc9a6e84cedefe4da54e0f48afd890a) Importer(815301076,1909f56bfc062723c751e8b465ee728b)
Start importing Assets/Sprites using Guid(fdc9a6e84cedefe4da54e0f48afd890a) Importer(815301076,1909f56bfc062723c751e8b465ee728b)  -> (artifact id: '202c202b80a4ed32a0f6a139821efad2') in 0.003816 seconds 
  Import took 0.008002 seconds .

========================================================================
Received Import Request.
  Time since last request: 5.459320 seconds.
  path: Assets/Scripts
  artifactKey: Guid(ed8a770ebef95374fa9a73a35ffde69e) Importer(815301076,1909f56bfc062723c751e8b465ee728b)
Start importing Assets/Scripts using Guid(ed8a770ebef95374fa9a73a35ffde69e) Importer(815301076,1909f56bfc062723c751e8b465ee728b)  -> (artifact id: '8b83beed6b4e981794a8c09a04732415') in 0.003055 seconds 
  Import took 0.006215 seconds .

========================================================================
Received Import Request.
  Time since last request: 0.004519 seconds.
  path: Assets/Scripts
  artifactKey: Guid(ed8a770ebef95374fa9a73a35ffde69e) Importer(815301076,1909f56bfc062723c751e8b465ee728b)
Start importing Assets/Scripts using Guid(ed8a770ebef95374fa9a73a35ffde69e) Importer(815301076,1909f56bfc062723c751e8b465ee728b)  -> (artifact id: '8b83beed6b4e981794a8c09a04732415') in 0.003636 seconds 
  Import took 0.007437 seconds .

========================================================================
Received Import Request.
  Time since last request: 10.591560 seconds.
  path: Assets/Sounds
  artifactKey: Guid(54115f0ccfb8aaa49a5ed144abd66737) Importer(815301076,1909f56bfc062723c751e8b465ee728b)
Start importing Assets/Sounds using Guid(54115f0ccfb8aaa49a5ed144abd66737) Importer(815301076,1909f56bfc062723c751e8b465ee728b)  -> (artifact id: '3610b94b271fb577a2394867c3637612') in 0.004170 seconds 
  Import took 0.008206 seconds .

========================================================================
Received Import Request.
  Time since last request: 7.134435 seconds.
  path: Assets/Prefabs
  artifactKey: Guid(51995abf2345e3f42840f3c76e3aabb3) Importer(815301076,1909f56bfc062723c751e8b465ee728b)
Start importing Assets/Prefabs using Guid(51995abf2345e3f42840f3c76e3aabb3) Importer(815301076,1909f56bfc062723c751e8b465ee728b)  -> (artifact id: '43c6086500b7cff65ee2476f25739643') in 0.006417 seconds 
  Import took 0.012363 seconds .

========================================================================
Received Import Request.
  Time since last request: 0.000483 seconds.
  path: Assets/Prefabs
  artifactKey: Guid(51995abf2345e3f42840f3c76e3aabb3) Importer(815301076,1909f56bfc062723c751e8b465ee728b)
Start importing Assets/Prefabs using Guid(51995abf2345e3f42840f3c76e3aabb3) Importer(815301076,1909f56bfc062723c751e8b465ee728b)  -> (artifact id: '43c6086500b7cff65ee2476f25739643') in 0.002609 seconds 
  Import took 0.005614 seconds .

========================================================================
Received Import Request.
  Time since last request: 11.396571 seconds.
  path: Assets/Music
  artifactKey: Guid(97d4bbb7f8ea0624b980d4a859e486b2) Importer(815301076,1909f56bfc062723c751e8b465ee728b)
Start importing Assets/Music using Guid(97d4bbb7f8ea0624b980d4a859e486b2) Importer(815301076,1909f56bfc062723c751e8b465ee728b)  -> (artifact id: 'bb0af64ca80e0af5aab5a0769206143b') in 0.003609 seconds 
  Import took 0.007368 seconds .

========================================================================
Received Import Request.
  Time since last request: 0.003573 seconds.
  path: Assets/Music
  artifactKey: Guid(97d4bbb7f8ea0624b980d4a859e486b2) Importer(815301076,1909f56bfc062723c751e8b465ee728b)
Start importing Assets/Music using Guid(97d4bbb7f8ea0624b980d4a859e486b2) Importer(815301076,1909f56bfc062723c751e8b465ee728b)  -> (artifact id: 'bb0af64ca80e0af5aab5a0769206143b') in 0.002531 seconds 
  Import took 0.005687 seconds .

========================================================================
Received Import Request.
  Time since last request: 57.984884 seconds.
  path: Assets/Scenes
  artifactKey: Guid(04202be151e9f7442b434fc78b44e19a) Importer(815301076,1909f56bfc062723c751e8b465ee728b)
Start importing Assets/Scenes using Guid(04202be151e9f7442b434fc78b44e19a) Importer(815301076,1909f56bfc062723c751e8b465ee728b)  -> (artifact id: '4f6902ea7ce136faa3a24d86305c22d7') in 0.003177 seconds 
  Import took 0.006461 seconds .

========================================================================
Received Import Request.
  Time since last request: 24.223976 seconds.
  path: Assets/Animations
  artifactKey: Guid(e3066e704bbc8e74fa4159147d9538be) Importer(815301076,1909f56bfc062723c751e8b465ee728b)
Start importing Assets/Animations using Guid(e3066e704bbc8e74fa4159147d9538be) Importer(815301076,1909f56bfc062723c751e8b465ee728b)  -> (artifact id: 'ff4a78c46255e253391592f47b1913a3') in 0.003469 seconds 
  Import took 0.007273 seconds .

========================================================================
Received Import Request.
  Time since last request: 29.150826 seconds.
  path: Assets/Models
  artifactKey: Guid(fb3b347a758d5ef4fa1a6eb6035ac256) Importer(815301076,1909f56bfc062723c751e8b465ee728b)
Start importing Assets/Models using Guid(fb3b347a758d5ef4fa1a6eb6035ac256) Importer(815301076,1909f56bfc062723c751e8b465ee728b)  -> (artifact id: '1cb66d9aec7c06116aa284a1e11954e2') in 0.003491 seconds 
  Import took 0.007283 seconds .

========================================================================
Received Import Request.
  Time since last request: 15.302307 seconds.
  path: Assets/Physics
  artifactKey: Guid(46ff21ab2083a224485ee8e277c859ac) Importer(815301076,1909f56bfc062723c751e8b465ee728b)
Start importing Assets/Physics using Guid(46ff21ab2083a224485ee8e277c859ac) Importer(815301076,1909f56bfc062723c751e8b465ee728b)  -> (artifact id: '46d0d3a0bae1da0b44606293df0d6480') in 0.003989 seconds 
  Import took 0.008219 seconds .

========================================================================
Received Import Request.
  Time since last request: 20.916480 seconds.
  path: Assets/Scenes/SampleScene.unity
  artifactKey: Guid(2cda990e2423bbf4892e6590ba056729) Importer(815301076,1909f56bfc062723c751e8b465ee728b)
Start importing Assets/Scenes/SampleScene.unity using Guid(2cda990e2423bbf4892e6590ba056729) Importer(815301076,1909f56bfc062723c751e8b465ee728b)  -> (artifact id: 'aa27944bdea339c97c39027c7eea529c') in 0.012201 seconds 
  Import took 0.015567 seconds .

========================================================================
Received Import Request.
  Time since last request: 12.432911 seconds.
  path: Assets/Scenes/MainScene.unity
  artifactKey: Guid(2cda990e2423bbf4892e6590ba056729) Importer(815301076,1909f56bfc062723c751e8b465ee728b)
Start importing Assets/Scenes/MainScene.unity using Guid(2cda990e2423bbf4892e6590ba056729) Importer(815301076,1909f56bfc062723c751e8b465ee728b)  -> (artifact id: '18e8003c8cc64cbebb2abe648ca68268') in 0.004550 seconds 
  Import took 0.008354 seconds .

========================================================================
Received Import Request.
  Time since last request: 10.585712 seconds.
  path: Assets/Scenes/DanmatScene.unity
  artifactKey: Guid(97007df68ddbad342b6e21c3207917eb) Importer(815301076,1909f56bfc062723c751e8b465ee728b)
Start importing Assets/Scenes/DanmatScene.unity using Guid(97007df68ddbad342b6e21c3207917eb) Importer(815301076,1909f56bfc062723c751e8b465ee728b)  -> (artifact id: '77483f9f5b1c24ba643894912139dd75') in 0.004075 seconds 
  Import took 0.008231 seconds .

========================================================================
Received Import Request.
  Time since last request: 0.004431 seconds.
  path: Assets/Scenes/DanmatScene.unity
  artifactKey: Guid(97007df68ddbad342b6e21c3207917eb) Importer(815301076,1909f56bfc062723c751e8b465ee728b)
Start importing Assets/Scenes/DanmatScene.unity using Guid(97007df68ddbad342b6e21c3207917eb) Importer(815301076,1909f56bfc062723c751e8b465ee728b)  -> (artifact id: '77483f9f5b1c24ba643894912139dd75') in 0.003177 seconds 
  Import took 0.006628 seconds .

========================================================================
Received Import Request.
  Time since last request: 10.648037 seconds.
  path: Assets/Scenes/DarsiriousScene.unity
  artifactKey: Guid(a2ed4bbac7d8ad94293255b267b04bf3) Importer(815301076,1909f56bfc062723c751e8b465ee728b)
Start importing Assets/Scenes/DarsiriousScene.unity using Guid(a2ed4bbac7d8ad94293255b267b04bf3) Importer(815301076,1909f56bfc062723c751e8b465ee728b)  -> (artifact id: 'b63459f35594433748fe5fb0123ddf29') in 0.007051 seconds 
  Import took 0.012495 seconds .

========================================================================
Received Import Request.
  Time since last request: 6.730148 seconds.
  path: Assets/Scenes/ChumasScene.unity
  artifactKey: Guid(b252fbcd5201e8449818df12bf79b99a) Importer(815301076,1909f56bfc062723c751e8b465ee728b)
Start importing Assets/Scenes/ChumasScene.unity using Guid(b252fbcd5201e8449818df12bf79b99a) Importer(815301076,1909f56bfc062723c751e8b465ee728b)  -> (artifact id: '24e68a0883c039fbcb3ee6219a710c04') in 0.003386 seconds 
  Import took 0.007798 seconds .

========================================================================
Received Import Request.
  Time since last request: 0.006742 seconds.
  path: Assets/Scenes/ChumasScene.unity
  artifactKey: Guid(b252fbcd5201e8449818df12bf79b99a) Importer(815301076,1909f56bfc062723c751e8b465ee728b)
Start importing Assets/Scenes/ChumasScene.unity using Guid(b252fbcd5201e8449818df12bf79b99a) Importer(815301076,1909f56bfc062723c751e8b465ee728b)  -> (artifact id: '24e68a0883c039fbcb3ee6219a710c04') in 0.003237 seconds 
  Import took 0.007131 seconds .

